<?xml version="1.0" encoding="UTF-8"?>
<TestRun id="663c538b-8987-49b5-8422-73dad5ac81a5" name="Marcio@MARCIOALTHMANN 2011-03-11 23:48:10" runUser="marcioalthmann\Marcio" xmlns="http://microsoft.com/schemas/VisualStudio/TeamTest/2010">
  <TestSettings name="Local" id="0450a1c5-f391-4bac-8c85-7aac811d4f94">
    <Description>These are default test settings for a local test run.</Description>
    <Deployment enabled="false" runDeploymentRoot="Marcio_MARCIOALTHMANN 2011-03-11 23_48_10">
      <DeploymentItem filename="E:\Artigos\MongoDB\MongoDB\bin\MongoDB.dll" />
      <DeploymentItem filename="E:\Artigos\MongoDB\MongoDB.Testes\bin\Debug\Norm.dll" />
    </Deployment>
    <Execution>
      <TestTypeSpecific />
      <AgentRule name="Execution Agents">
      </AgentRule>
    </Execution>
  </TestSettings>
  <Times creation="2011-03-11T23:48:10.9614354-03:00" queuing="2011-03-11T23:48:11.2534521-03:00" start="2011-03-11T23:48:11.3074552-03:00" finish="2011-03-11T23:48:12.1945060-03:00" />
  <ResultSummary outcome="Completed">
    <Counters total="1" executed="1" passed="1" error="0" failed="0" timeout="0" aborted="0" inconclusive="0" passedButRunAborted="0" notRunnable="0" notExecuted="0" disconnected="0" warning="0" completed="0" inProgress="0" pending="0" />
  </ResultSummary>
  <TestDefinitions>
    <UnitTest name="IncluiUmNovoAlbum" storage="e:\artigos\mongodb\mongodb.testes\bin\debug\mongodb.testes.dll" id="ade74b08-adbd-fa00-0613-eaf31e6ce913">
      <Execution id="f53759ab-b6db-474f-b65b-07910373b57a" />
      <TestMethod codeBase="E:/Artigos/MongoDB/MongoDB.Testes/bin/Debug/MongoDB.Testes.DLL" adapterTypeName="Microsoft.VisualStudio.TestTools.TestTypes.Unit.UnitTestAdapter, Microsoft.VisualStudio.QualityTools.Tips.UnitTest.Adapter, Version=10.0.0.0, Culture=neutral, PublicKeyToken=b03f5f7f11d50a3a" className="MongoDB.Testes.EstiloMusicalTestes, MongoDB.Testes, Version=1.0.0.0, Culture=neutral, PublicKeyToken=null" name="IncluiUmNovoAlbum" />
    </UnitTest>
  </TestDefinitions>
  <TestLists>
    <TestList name="Results Not in a List" id="8c84fa94-04c1-424b-9868-57a2d4851a1d" />
    <TestList name="All Loaded Results" id="19431567-8539-422a-85d7-44ee4e166bda" />
  </TestLists>
  <TestEntries>
    <TestEntry testId="ade74b08-adbd-fa00-0613-eaf31e6ce913" executionId="f53759ab-b6db-474f-b65b-07910373b57a" testListId="8c84fa94-04c1-424b-9868-57a2d4851a1d" />
  </TestEntries>
  <Results>
    <UnitTestResult executionId="f53759ab-b6db-474f-b65b-07910373b57a" testId="ade74b08-adbd-fa00-0613-eaf31e6ce913" testName="IncluiUmNovoAlbum" computerName="MARCIOALTHMANN" duration="00:00:00.2698505" startTime="2011-03-11T23:48:11.3594582-03:00" endTime="2011-03-11T23:48:12.0804994-03:00" testType="13cdc9d9-ddb5-4fa4-a97d-d965ccfc6d4b" outcome="Passed" testListId="8c84fa94-04c1-424b-9868-57a2d4851a1d" relativeResultsDirectory="f53759ab-b6db-474f-b65b-07910373b57a">
    </UnitTestResult>
  </Results>
</TestRun>