<?xml version="1.0" encoding="UTF-8"?>
<TestRun id="c375cad9-7eda-4b35-9f48-4b956fa0ad76" name="Marcio@MARCIOALTHMANN 2011-03-11 23:40:26" runUser="marcioalthmann\Marcio" xmlns="http://microsoft.com/schemas/VisualStudio/TeamTest/2010">
  <TestSettings name="Local" id="0450a1c5-f391-4bac-8c85-7aac811d4f94">
    <Description>These are default test settings for a local test run.</Description>
    <Deployment enabled="false" runDeploymentRoot="Marcio_MARCIOALTHMANN 2011-03-11 23_40_26">
      <DeploymentItem filename="E:\Artigos\MongoDB\MongoDB\bin\MongoDB.dll" />
      <DeploymentItem filename="E:\Artigos\MongoDB\MongoDB.Testes\bin\Debug\Norm.dll" />
    </Deployment>
    <Execution>
      <TestTypeSpecific />
      <AgentRule name="Execution Agents">
      </AgentRule>
    </Execution>
  </TestSettings>
  <Times creation="2011-03-11T23:40:26.1038471-03:00" queuing="2011-03-11T23:40:26.3928636-03:00" start="2011-03-11T23:40:26.4528671-03:00" finish="2011-03-11T23:40:27.1379062-03:00" />
  <ResultSummary outcome="Completed">
    <Counters total="1" executed="1" passed="1" error="0" failed="0" timeout="0" aborted="0" inconclusive="0" passedButRunAborted="0" notRunnable="0" notExecuted="0" disconnected="0" warning="0" completed="0" inProgress="0" pending="0" />
  </ResultSummary>
  <TestDefinitions>
    <UnitTest name="IncluiUmNovoEstiloMusical" storage="e:\artigos\mongodb\mongodb.testes\bin\debug\mongodb.testes.dll" id="ccb2d6ad-839e-2871-71f3-0e6ef5e486ea">
      <Execution id="81526e88-9f72-4238-b1b0-e35dd6debc64" />
      <TestMethod codeBase="E:/Artigos/MongoDB/MongoDB.Testes/bin/Debug/MongoDB.Testes.DLL" adapterTypeName="Microsoft.VisualStudio.TestTools.TestTypes.Unit.UnitTestAdapter, Microsoft.VisualStudio.QualityTools.Tips.UnitTest.Adapter, Version=10.0.0.0, Culture=neutral, PublicKeyToken=b03f5f7f11d50a3a" className="MongoDB.Testes.EstiloMusicalTestes, MongoDB.Testes, Version=1.0.0.0, Culture=neutral, PublicKeyToken=null" name="IncluiUmNovoEstiloMusical" />
    </UnitTest>
  </TestDefinitions>
  <TestLists>
    <TestList name="Results Not in a List" id="8c84fa94-04c1-424b-9868-57a2d4851a1d" />
    <TestList name="All Loaded Results" id="19431567-8539-422a-85d7-44ee4e166bda" />
  </TestLists>
  <TestEntries>
    <TestEntry testId="ccb2d6ad-839e-2871-71f3-0e6ef5e486ea" executionId="81526e88-9f72-4238-b1b0-e35dd6debc64" testListId="8c84fa94-04c1-424b-9868-57a2d4851a1d" />
  </TestEntries>
  <Results>
    <UnitTestResult executionId="81526e88-9f72-4238-b1b0-e35dd6debc64" testId="ccb2d6ad-839e-2871-71f3-0e6ef5e486ea" testName="IncluiUmNovoEstiloMusical" computerName="MARCIOALTHMANN" duration="00:00:00.1988060" startTime="2011-03-11T23:40:26.4878691-03:00" endTime="2011-03-11T23:40:27.1079045-03:00" testType="13cdc9d9-ddb5-4fa4-a97d-d965ccfc6d4b" outcome="Passed" testListId="8c84fa94-04c1-424b-9868-57a2d4851a1d" relativeResultsDirectory="81526e88-9f72-4238-b1b0-e35dd6debc64">
    </UnitTestResult>
  </Results>
</TestRun>