<?xml version="1.0" encoding="UTF-8"?>
<TestRun id="530680e7-da98-4b42-9ca8-8c879af5c0da" name="Marcio@MARCIOALTHMANN 2011-05-13 22:10:42" runUser="marcioalthmann\Marcio" xmlns="http://microsoft.com/schemas/VisualStudio/TeamTest/2010">
  <TestSettings name="Local" id="375b5ae3-10ff-4e6e-9cf9-e7685d5e9765">
    <Description>These are default test settings for a local test run.</Description>
    <Deployment enabled="false" runDeploymentRoot="Marcio_MARCIOALTHMANN 2011-05-13 22_10_42">
      <DeploymentItem filename="E:\Artigos\SingletonComIoC\packages\Ninject.2.2.1.4\lib\net40-Full\Ninject.dll" />
    </Deployment>
    <Execution>
      <TestTypeSpecific />
      <AgentRule name="Execution Agents">
      </AgentRule>
    </Execution>
  </TestSettings>
  <Times creation="2011-05-13T22:10:42.8337302-03:00" queuing="2011-05-13T22:10:43.0107403-03:00" start="2011-05-13T22:10:43.0247411-03:00" finish="2011-05-13T22:10:43.6217753-03:00" />
  <ResultSummary outcome="Failed">
    <Counters total="1" executed="1" error="0" failed="1" timeout="0" aborted="0" inconclusive="0" passedButRunAborted="0" notRunnable="0" notExecuted="0" disconnected="0" warning="0" passed="0" completed="0" inProgress="0" pending="0" />
  </ResultSummary>
  <TestDefinitions>
    <UnitTest name="TestMethod1" storage="e:\artigos\singletoncomioc\singletoncomioc\bin\debug\singletoncomioc.dll" id="835ee133-3ab4-dd27-112f-a4b5d7291131">
      <Execution id="990cedac-f3e6-4f7b-929a-5ad72619d2e1" />
      <TestMethod codeBase="E:/Artigos/SingletonComIoC/SingletonComIoC/bin/Debug/SingletonComIoC.DLL" adapterTypeName="Microsoft.VisualStudio.TestTools.TestTypes.Unit.UnitTestAdapter, Microsoft.VisualStudio.QualityTools.Tips.UnitTest.Adapter, Version=10.0.0.0, Culture=neutral, PublicKeyToken=b03f5f7f11d50a3a" className="SingletonComIoC.UnitTest1, SingletonComIoC, Version=1.0.0.0, Culture=neutral, PublicKeyToken=null" name="TestMethod1" />
    </UnitTest>
  </TestDefinitions>
  <TestLists>
    <TestList name="Results Not in a List" id="8c84fa94-04c1-424b-9868-57a2d4851a1d" />
    <TestList name="All Loaded Results" id="19431567-8539-422a-85d7-44ee4e166bda" />
  </TestLists>
  <TestEntries>
    <TestEntry testId="835ee133-3ab4-dd27-112f-a4b5d7291131" executionId="990cedac-f3e6-4f7b-929a-5ad72619d2e1" testListId="8c84fa94-04c1-424b-9868-57a2d4851a1d" />
  </TestEntries>
  <Results>
    <UnitTestResult executionId="990cedac-f3e6-4f7b-929a-5ad72619d2e1" testId="835ee133-3ab4-dd27-112f-a4b5d7291131" testName="TestMethod1" computerName="MARCIOALTHMANN" duration="00:00:00.2159302" startTime="2011-05-13T22:10:43.0517427-03:00" endTime="2011-05-13T22:10:43.5847731-03:00" testType="13cdc9d9-ddb5-4fa4-a97d-d965ccfc6d4b" outcome="Failed" testListId="8c84fa94-04c1-424b-9868-57a2d4851a1d" relativeResultsDirectory="990cedac-f3e6-4f7b-929a-5ad72619d2e1">
      <Output>
        <ErrorInfo>
          <Message>Assert.AreEqual failed. Expected:&lt;SingletonComIoC.Configuracoes&gt;. Actual:&lt;SingletonComIoC.Configuracoes&gt;. </Message>
          <StackTrace>   at SingletonComIoC.UnitTest1.TestMethod1() in E:\Artigos\SingletonComIoC\SingletonComIoC\UnitTest1.cs:line 22
</StackTrace>
        </ErrorInfo>
      </Output>
    </UnitTestResult>
  </Results>
</TestRun>