<?xml version="1.0" encoding="UTF-8"?>
<TestRun id="375d4439-e854-4af9-8d2d-77f00590dd98" name="Marcio@MARCIOALTHMANN 2011-05-15 17:26:25" runUser="marcioalthmann\Marcio" xmlns="http://microsoft.com/schemas/VisualStudio/TeamTest/2010">
  <TestSettings name="Local" id="375b5ae3-10ff-4e6e-9cf9-e7685d5e9765">
    <Description>These are default test settings for a local test run.</Description>
    <Deployment enabled="false" runDeploymentRoot="Marcio_MARCIOALTHMANN 2011-05-15 17_26_25">
      <DeploymentItem filename="E:\Artigos\SingletonComIoC\packages\Castle.Windsor.2.5.3\lib\NET40\Castle.Windsor.dll" />
      <DeploymentItem filename="E:\Artigos\SingletonComIoC\packages\Castle.Core.2.5.2\lib\NET35\Castle.Core.dll" />
      <DeploymentItem filename="E:\Artigos\SingletonComIoC\packages\Ninject.2.2.1.4\lib\net40-Full\Ninject.dll" />
      <DeploymentItem filename="E:\Artigos\SingletonComIoC\packages\Unity.2.1.505.0\lib\NET35\Microsoft.Practices.Unity.dll" />
      <DeploymentItem filename="E:\Artigos\SingletonComIoC\packages\CommonServiceLocator.1.0\lib\NET35\Microsoft.Practices.ServiceLocation.dll" />
      <DeploymentItem filename="E:\Artigos\SingletonComIoC\packages\Unity.2.1.505.0\lib\NET35\Microsoft.Practices.Unity.Configuration.dll" />
    </Deployment>
    <Execution>
      <TestTypeSpecific />
      <AgentRule name="Execution Agents">
      </AgentRule>
    </Execution>
  </TestSettings>
  <Times creation="2011-05-15T17:26:25.1614715-03:00" queuing="2011-05-15T17:26:27.9446307-03:00" start="2011-05-15T17:26:28.0636375-03:00" finish="2011-05-15T17:26:29.1647005-03:00" />
  <ResultSummary outcome="Completed">
    <Counters total="1" executed="1" passed="1" error="0" failed="0" timeout="0" aborted="0" inconclusive="0" passedButRunAborted="0" notRunnable="0" notExecuted="0" disconnected="0" warning="0" completed="0" inProgress="0" pending="0" />
  </ResultSummary>
  <TestDefinitions>
    <UnitTest name="TestMethod1" storage="e:\artigos\singletoncomioc\singletoncomioc\bin\debug\singletoncomioc.dll" id="1801a0e7-e57c-7b6c-efd3-d64d08569bcc">
      <Execution id="17326c30-3b9c-4203-80eb-da5cf2e45100" />
      <TestMethod codeBase="E:/Artigos/SingletonComIoC/SingletonComIoC/bin/Debug/SingletonComIoC.DLL" adapterTypeName="Microsoft.VisualStudio.TestTools.TestTypes.Unit.UnitTestAdapter, Microsoft.VisualStudio.QualityTools.Tips.UnitTest.Adapter, Version=10.0.0.0, Culture=neutral, PublicKeyToken=b03f5f7f11d50a3a" className="SingletonComIoC.TestesComWindsor, SingletonComIoC, Version=1.0.0.0, Culture=neutral, PublicKeyToken=null" name="TestMethod1" />
    </UnitTest>
  </TestDefinitions>
  <TestLists>
    <TestList name="Results Not in a List" id="8c84fa94-04c1-424b-9868-57a2d4851a1d" />
    <TestList name="All Loaded Results" id="19431567-8539-422a-85d7-44ee4e166bda" />
  </TestLists>
  <TestEntries>
    <TestEntry testId="1801a0e7-e57c-7b6c-efd3-d64d08569bcc" executionId="17326c30-3b9c-4203-80eb-da5cf2e45100" testListId="8c84fa94-04c1-424b-9868-57a2d4851a1d" />
  </TestEntries>
  <Results>
    <UnitTestResult executionId="17326c30-3b9c-4203-80eb-da5cf2e45100" testId="1801a0e7-e57c-7b6c-efd3-d64d08569bcc" testName="TestMethod1" computerName="MARCIOALTHMANN" duration="00:00:00.2371954" startTime="2011-05-15T17:26:28.1976452-03:00" endTime="2011-05-15T17:26:29.0796956-03:00" testType="13cdc9d9-ddb5-4fa4-a97d-d965ccfc6d4b" outcome="Passed" testListId="8c84fa94-04c1-424b-9868-57a2d4851a1d" relativeResultsDirectory="17326c30-3b9c-4203-80eb-da5cf2e45100">
    </UnitTestResult>
  </Results>
</TestRun>