<?xml version="1.0" encoding="UTF-8"?>
<TestRun id="d758b6cc-5a22-4234-b895-42af4d05648e" name="Marcio@MARCIOALTHMANN 2011-05-15 18:10:58" runUser="marcioalthmann\Marcio" xmlns="http://microsoft.com/schemas/VisualStudio/TeamTest/2010">
  <TestSettings name="Local" id="375b5ae3-10ff-4e6e-9cf9-e7685d5e9765">
    <Description>These are default test settings for a local test run.</Description>
    <Deployment enabled="false" runDeploymentRoot="Marcio_MARCIOALTHMANN 2011-05-15 18_10_58">
      <DeploymentItem filename="E:\Artigos\SingletonComIoC\packages\Castle.Windsor.2.5.3\lib\NET40\Castle.Windsor.dll" />
      <DeploymentItem filename="E:\Artigos\SingletonComIoC\packages\Castle.Core.2.5.2\lib\NET35\Castle.Core.dll" />
      <DeploymentItem filename="E:\Artigos\SingletonComIoC\packages\Ninject.2.2.1.4\lib\net40-Full\Ninject.dll" />
      <DeploymentItem filename="E:\Artigos\SingletonComIoC\packages\Unity.2.1.505.0\lib\NET35\Microsoft.Practices.Unity.dll" />
      <DeploymentItem filename="E:\Artigos\SingletonComIoC\packages\CommonServiceLocator.1.0\lib\NET35\Microsoft.Practices.ServiceLocation.dll" />
      <DeploymentItem filename="E:\Artigos\SingletonComIoC\packages\Unity.2.1.505.0\lib\NET35\Microsoft.Practices.Unity.Configuration.dll" />
    </Deployment>
    <Execution>
      <TestTypeSpecific />
      <AgentRule name="Execution Agents">
      </AgentRule>
    </Execution>
  </TestSettings>
  <Times creation="2011-05-15T18:10:58.0653529-03:00" queuing="2011-05-15T18:10:58.2223618-03:00" start="2011-05-15T18:10:58.2433630-03:00" finish="2011-05-15T18:10:59.1324139-03:00" />
  <ResultSummary outcome="Completed">
    <Counters total="3" executed="3" passed="3" error="0" failed="0" timeout="0" aborted="0" inconclusive="0" passedButRunAborted="0" notRunnable="0" notExecuted="0" disconnected="0" warning="0" completed="0" inProgress="0" pending="0" />
  </ResultSummary>
  <TestDefinitions>
    <UnitTest name="RetornaAMesmaInstanciaDaClasseConfiguracoesQuandoSolicitadaDuasVezes" storage="e:\artigos\singletoncomioc\singletoncomioc\bin\debug\singletoncomioc.dll" id="cc9ee901-55ad-51e4-84fc-7a1b7f36772e">
      <Execution id="1b6a219e-46dd-4e32-95af-308cfcd50249" />
      <TestMethod codeBase="E:/Artigos/SingletonComIoC/SingletonComIoC/bin/Debug/SingletonComIoC.DLL" adapterTypeName="Microsoft.VisualStudio.TestTools.TestTypes.Unit.UnitTestAdapter, Microsoft.VisualStudio.QualityTools.Tips.UnitTest.Adapter, Version=10.0.0.0, Culture=neutral, PublicKeyToken=b03f5f7f11d50a3a" className="SingletonComIoC.TestesComWindsor, SingletonComIoC, Version=1.0.0.0, Culture=neutral, PublicKeyToken=null" name="RetornaAMesmaInstanciaDaClasseConfiguracoesQuandoSolicitadaDuasVezes" />
    </UnitTest>
    <UnitTest name="RetornaAMesmaInstanciaDaClasseConfiguracoesQuandoSolicitadaDuasVezes" storage="e:\artigos\singletoncomioc\singletoncomioc\bin\debug\singletoncomioc.dll" id="acfd28b4-e20b-9c96-091e-732603f4795e">
      <Execution id="6b3c2312-5957-426e-a151-203fb9caaba0" />
      <TestMethod codeBase="E:/Artigos/SingletonComIoC/SingletonComIoC/bin/Debug/SingletonComIoC.DLL" adapterTypeName="Microsoft.VisualStudio.TestTools.TestTypes.Unit.UnitTestAdapter, Microsoft.VisualStudio.QualityTools.Tips.UnitTest.Adapter, Version=10.0.0.0, Culture=neutral, PublicKeyToken=b03f5f7f11d50a3a" className="SingletonComIoC.TestesComNinject, SingletonComIoC, Version=1.0.0.0, Culture=neutral, PublicKeyToken=null" name="RetornaAMesmaInstanciaDaClasseConfiguracoesQuandoSolicitadaDuasVezes" />
    </UnitTest>
    <UnitTest name="RetornaAMesmaInstanciaDaClasseConfiguracoesQuandoSolicitadaDuasVezes" storage="e:\artigos\singletoncomioc\singletoncomioc\bin\debug\singletoncomioc.dll" id="c53a8c5a-a40d-8f42-f774-aabd65007b44">
      <Execution id="d695edb8-9a5c-457d-a196-6d3653b0b134" />
      <TestMethod codeBase="E:/Artigos/SingletonComIoC/SingletonComIoC/bin/Debug/SingletonComIoC.DLL" adapterTypeName="Microsoft.VisualStudio.TestTools.TestTypes.Unit.UnitTestAdapter, Microsoft.VisualStudio.QualityTools.Tips.UnitTest.Adapter, Version=10.0.0.0, Culture=neutral, PublicKeyToken=b03f5f7f11d50a3a" className="SingletonComIoC.TestesComUnity, SingletonComIoC, Version=1.0.0.0, Culture=neutral, PublicKeyToken=null" name="RetornaAMesmaInstanciaDaClasseConfiguracoesQuandoSolicitadaDuasVezes" />
    </UnitTest>
  </TestDefinitions>
  <TestLists>
    <TestList name="Results Not in a List" id="8c84fa94-04c1-424b-9868-57a2d4851a1d" />
    <TestList name="All Loaded Results" id="19431567-8539-422a-85d7-44ee4e166bda" />
  </TestLists>
  <TestEntries>
    <TestEntry testId="acfd28b4-e20b-9c96-091e-732603f4795e" executionId="6b3c2312-5957-426e-a151-203fb9caaba0" testListId="8c84fa94-04c1-424b-9868-57a2d4851a1d" />
    <TestEntry testId="c53a8c5a-a40d-8f42-f774-aabd65007b44" executionId="d695edb8-9a5c-457d-a196-6d3653b0b134" testListId="8c84fa94-04c1-424b-9868-57a2d4851a1d" />
    <TestEntry testId="cc9ee901-55ad-51e4-84fc-7a1b7f36772e" executionId="1b6a219e-46dd-4e32-95af-308cfcd50249" testListId="8c84fa94-04c1-424b-9868-57a2d4851a1d" />
  </TestEntries>
  <Results>
    <UnitTestResult executionId="6b3c2312-5957-426e-a151-203fb9caaba0" testId="acfd28b4-e20b-9c96-091e-732603f4795e" testName="RetornaAMesmaInstanciaDaClasseConfiguracoesQuandoSolicitadaDuasVezes" computerName="MARCIOALTHMANN" duration="00:00:00.2023568" startTime="2011-05-15T18:10:58.2583639-03:00" endTime="2011-05-15T18:10:58.7803938-03:00" testType="13cdc9d9-ddb5-4fa4-a97d-d965ccfc6d4b" outcome="Passed" testListId="8c84fa94-04c1-424b-9868-57a2d4851a1d" relativeResultsDirectory="6b3c2312-5957-426e-a151-203fb9caaba0">
    </UnitTestResult>
    <UnitTestResult executionId="d695edb8-9a5c-457d-a196-6d3653b0b134" testId="c53a8c5a-a40d-8f42-f774-aabd65007b44" testName="RetornaAMesmaInstanciaDaClasseConfiguracoesQuandoSolicitadaDuasVezes" computerName="MARCIOALTHMANN" duration="00:00:00.1165335" startTime="2011-05-15T18:10:58.8183959-03:00" endTime="2011-05-15T18:10:58.9414030-03:00" testType="13cdc9d9-ddb5-4fa4-a97d-d965ccfc6d4b" outcome="Passed" testListId="8c84fa94-04c1-424b-9868-57a2d4851a1d" relativeResultsDirectory="d695edb8-9a5c-457d-a196-6d3653b0b134">
    </UnitTestResult>
    <UnitTestResult executionId="1b6a219e-46dd-4e32-95af-308cfcd50249" testId="cc9ee901-55ad-51e4-84fc-7a1b7f36772e" testName="RetornaAMesmaInstanciaDaClasseConfiguracoesQuandoSolicitadaDuasVezes" computerName="MARCIOALTHMANN" duration="00:00:00.1347990" startTime="2011-05-15T18:10:58.9464033-03:00" endTime="2011-05-15T18:10:59.0874113-03:00" testType="13cdc9d9-ddb5-4fa4-a97d-d965ccfc6d4b" outcome="Passed" testListId="8c84fa94-04c1-424b-9868-57a2d4851a1d" relativeResultsDirectory="1b6a219e-46dd-4e32-95af-308cfcd50249">
    </UnitTestResult>
  </Results>
</TestRun>