<?xml version="1.0" encoding="UTF-8"?>
<TestRun id="e11f4ddd-ce3f-43da-a537-6f8a9814e114" name="Marcio@MARCIOALTHMANN 2011-05-15 17:29:01" runUser="marcioalthmann\Marcio" xmlns="http://microsoft.com/schemas/VisualStudio/TeamTest/2010">
  <TestSettings name="Local" id="375b5ae3-10ff-4e6e-9cf9-e7685d5e9765">
    <Description>These are default test settings for a local test run.</Description>
    <Deployment enabled="false" runDeploymentRoot="Marcio_MARCIOALTHMANN 2011-05-15 17_29_01">
      <DeploymentItem filename="E:\Artigos\SingletonComIoC\packages\Castle.Windsor.2.5.3\lib\NET40\Castle.Windsor.dll" />
      <DeploymentItem filename="E:\Artigos\SingletonComIoC\packages\Castle.Core.2.5.2\lib\NET35\Castle.Core.dll" />
      <DeploymentItem filename="E:\Artigos\SingletonComIoC\packages\Ninject.2.2.1.4\lib\net40-Full\Ninject.dll" />
      <DeploymentItem filename="E:\Artigos\SingletonComIoC\packages\Unity.2.1.505.0\lib\NET35\Microsoft.Practices.Unity.dll" />
      <DeploymentItem filename="E:\Artigos\SingletonComIoC\packages\CommonServiceLocator.1.0\lib\NET35\Microsoft.Practices.ServiceLocation.dll" />
      <DeploymentItem filename="E:\Artigos\SingletonComIoC\packages\Unity.2.1.505.0\lib\NET35\Microsoft.Practices.Unity.Configuration.dll" />
    </Deployment>
    <Execution>
      <TestTypeSpecific />
      <AgentRule name="Execution Agents">
      </AgentRule>
    </Execution>
  </TestSettings>
  <Times creation="2011-05-15T17:29:01.8494335-03:00" queuing="2011-05-15T17:29:02.1564511-03:00" start="2011-05-15T17:29:02.2464563-03:00" finish="2011-05-15T17:29:03.2245122-03:00" />
  <ResultSummary outcome="Completed">
    <Counters total="2" executed="2" passed="2" error="0" failed="0" timeout="0" aborted="0" inconclusive="0" passedButRunAborted="0" notRunnable="0" notExecuted="0" disconnected="0" warning="0" completed="0" inProgress="0" pending="0" />
  </ResultSummary>
  <TestDefinitions>
    <UnitTest name="TestMethod1" storage="e:\artigos\singletoncomioc\singletoncomioc\bin\debug\singletoncomioc.dll" id="1801a0e7-e57c-7b6c-efd3-d64d08569bcc">
      <Execution id="082cf1fc-3fe2-4625-bce4-bd0aabbdc377" />
      <TestMethod codeBase="E:/Artigos/SingletonComIoC/SingletonComIoC/bin/Debug/SingletonComIoC.DLL" adapterTypeName="Microsoft.VisualStudio.TestTools.TestTypes.Unit.UnitTestAdapter, Microsoft.VisualStudio.QualityTools.Tips.UnitTest.Adapter, Version=10.0.0.0, Culture=neutral, PublicKeyToken=b03f5f7f11d50a3a" className="SingletonComIoC.TestesComWindsor, SingletonComIoC, Version=1.0.0.0, Culture=neutral, PublicKeyToken=null" name="TestMethod1" />
    </UnitTest>
    <UnitTest name="RetornaAMesmaInstanciaDaClasseConfiguracoesQuandoSolicitadaDuasVezes" storage="e:\artigos\singletoncomioc\singletoncomioc\bin\debug\singletoncomioc.dll" id="acfd28b4-e20b-9c96-091e-732603f4795e">
      <Execution id="511843c5-9b9d-4130-bcf4-1601487e9586" />
      <TestMethod codeBase="E:/Artigos/SingletonComIoC/SingletonComIoC/bin/Debug/SingletonComIoC.DLL" adapterTypeName="Microsoft.VisualStudio.TestTools.TestTypes.Unit.UnitTestAdapter, Microsoft.VisualStudio.QualityTools.Tips.UnitTest.Adapter, Version=10.0.0.0, Culture=neutral, PublicKeyToken=b03f5f7f11d50a3a" className="SingletonComIoC.TestesComNinject, SingletonComIoC, Version=1.0.0.0, Culture=neutral, PublicKeyToken=null" name="RetornaAMesmaInstanciaDaClasseConfiguracoesQuandoSolicitadaDuasVezes" />
    </UnitTest>
  </TestDefinitions>
  <TestLists>
    <TestList name="Results Not in a List" id="8c84fa94-04c1-424b-9868-57a2d4851a1d" />
    <TestList name="All Loaded Results" id="19431567-8539-422a-85d7-44ee4e166bda" />
  </TestLists>
  <TestEntries>
    <TestEntry testId="1801a0e7-e57c-7b6c-efd3-d64d08569bcc" executionId="082cf1fc-3fe2-4625-bce4-bd0aabbdc377" testListId="8c84fa94-04c1-424b-9868-57a2d4851a1d" />
    <TestEntry testId="acfd28b4-e20b-9c96-091e-732603f4795e" executionId="511843c5-9b9d-4130-bcf4-1601487e9586" testListId="8c84fa94-04c1-424b-9868-57a2d4851a1d" />
  </TestEntries>
  <Results>
    <UnitTestResult executionId="082cf1fc-3fe2-4625-bce4-bd0aabbdc377" testId="1801a0e7-e57c-7b6c-efd3-d64d08569bcc" testName="TestMethod1" computerName="MARCIOALTHMANN" duration="00:00:00.1420418" startTime="2011-05-15T17:29:02.2684575-03:00" endTime="2011-05-15T17:29:02.9334955-03:00" testType="13cdc9d9-ddb5-4fa4-a97d-d965ccfc6d4b" outcome="Passed" testListId="8c84fa94-04c1-424b-9868-57a2d4851a1d" relativeResultsDirectory="082cf1fc-3fe2-4625-bce4-bd0aabbdc377">
    </UnitTestResult>
    <UnitTestResult executionId="511843c5-9b9d-4130-bcf4-1601487e9586" testId="acfd28b4-e20b-9c96-091e-732603f4795e" testName="RetornaAMesmaInstanciaDaClasseConfiguracoesQuandoSolicitadaDuasVezes" computerName="MARCIOALTHMANN" duration="00:00:00.2076759" startTime="2011-05-15T17:29:02.9374958-03:00" endTime="2011-05-15T17:29:03.1545082-03:00" testType="13cdc9d9-ddb5-4fa4-a97d-d965ccfc6d4b" outcome="Passed" testListId="8c84fa94-04c1-424b-9868-57a2d4851a1d" relativeResultsDirectory="511843c5-9b9d-4130-bcf4-1601487e9586">
    </UnitTestResult>
  </Results>
</TestRun>